<?xml version="1.0" encoding="UTF-8"?>
<!-- Generated by org.testng.reporters.JUnitXMLReporter -->
<testsuite ignored="2" hostname="MALLIKARJUNA-PC" failures="1" tests="7" name="Test" time="76.155" errors="0" timestamp="2022-02-07T17:03:53 IST">
  <testcase classname="xlByte.SuperAdminLoginTest" name="testSuperAdminLogin" time="11.445"/>
  <testcase classname="xlByte.SuperAdminLoginTest" name="clickOnLogout" time="0.054"/>
  <testcase classname="xlByte.AddTenantTest" name="verifyTenantValidation" time="17.738">
    <failure type="org.openqa.selenium.ElementClickInterceptedException" message="element click intercepted: Element &amp;lt;span _ngcontent-vxe-c237=&amp;quot;&amp;quot;&amp;gt;...&amp;lt;/span&amp;gt; is not clickable at point (1331, 260). Other element would receive the click: &amp;lt;button _ngcontent-vxe-c237=&amp;quot;&amp;quot; mat-button=&amp;quot;&amp;quot; mattooltip=&amp;quot;Deactivate Requirement&amp;quot; class=&amp;quot;mat-focus-indicator mat-button mat-button-base ng-star-inserted&amp;quot; aria-describedby=&amp;quot;cdk-describedby-message-3&amp;quot; cdk-describedby-host=&amp;quot;&amp;quot;&amp;gt;...&amp;lt;/button&amp;gt;
  (Session info: chrome=97.0.4692.99)
Build info: version: &amp;apos;3.14.0&amp;apos;, revision: &amp;apos;aacccce0&amp;apos;, time: &amp;apos;2018-08-02T20:19:58.91Z&amp;apos;
System info: host: &amp;apos;MALLIKARJUNA-PC&amp;apos;, ip: &amp;apos;172.17.144.1&amp;apos;, os.name: &amp;apos;Windows 10&amp;apos;, os.arch: &amp;apos;amd64&amp;apos;, os.version: &amp;apos;10.0&amp;apos;, java.version: &amp;apos;16.0.2&amp;apos;
Driver info: org.openqa.selenium.chrome.ChromeDriver
Capabilities {acceptInsecureCerts: false, browserName: chrome, browserVersion: 97.0.4692.99, chrome: {chromedriverVersion: 97.0.4692.71 (adefa7837d02a..., userDataDir: C:\Users\dgmarjun\AppData\L...}, goog:chromeOptions: {debuggerAddress: localhost:59642}, javascriptEnabled: true, networkConnectionEnabled: false, pageLoadStrategy: normal, platform: WINDOWS, platformName: WINDOWS, proxy: Proxy(), setWindowRect: true, strictFileInteractability: false, timeouts: {implicit: 0, pageLoad: 300000, script: 30000}, unhandledPromptBehavior: dismiss and notify, webauthn:extension:credBlob: true, webauthn:extension:largeBlob: true, webauthn:virtualAuthenticators: true}
Session ID: 7ac43e8cecc25a0dd9329e0f80fb9ae2">
      <![CDATA[org.openqa.selenium.ElementClickInterceptedException: element click intercepted: Element <span _ngcontent-vxe-c237="">...</span> is not clickable at point (1331, 260). Other element would receive the click: <button _ngcontent-vxe-c237="" mat-button="" mattooltip="Deactivate Requirement" class="mat-focus-indicator mat-button mat-button-base ng-star-inserted" aria-describedby="cdk-describedby-message-3" cdk-describedby-host="">...</button>
  (Session info: chrome=97.0.4692.99)
Build info: version: '3.14.0', revision: 'aacccce0', time: '2018-08-02T20:19:58.91Z'
System info: host: 'MALLIKARJUNA-PC', ip: '172.17.144.1', os.name: 'Windows 10', os.arch: 'amd64', os.version: '10.0', java.version: '16.0.2'
Driver info: org.openqa.selenium.chrome.ChromeDriver
Capabilities {acceptInsecureCerts: false, browserName: chrome, browserVersion: 97.0.4692.99, chrome: {chromedriverVersion: 97.0.4692.71 (adefa7837d02a..., userDataDir: C:\Users\dgmarjun\AppData\L...}, goog:chromeOptions: {debuggerAddress: localhost:59642}, javascriptEnabled: true, networkConnectionEnabled: false, pageLoadStrategy: normal, platform: WINDOWS, platformName: WINDOWS, proxy: Proxy(), setWindowRect: true, strictFileInteractability: false, timeouts: {implicit: 0, pageLoad: 300000, script: 30000}, unhandledPromptBehavior: dismiss and notify, webauthn:extension:credBlob: true, webauthn:extension:largeBlob: true, webauthn:virtualAuthenticators: true}
Session ID: 7ac43e8cecc25a0dd9329e0f80fb9ae2
at org.openqa.selenium.remote.http.W3CHttpResponseCodec.createException(W3CHttpResponseCodec.java:187)
at org.openqa.selenium.remote.http.W3CHttpResponseCodec.decode(W3CHttpResponseCodec.java:122)
at org.openqa.selenium.remote.http.W3CHttpResponseCodec.decode(W3CHttpResponseCodec.java:49)
at org.openqa.selenium.remote.HttpCommandExecutor.execute(HttpCommandExecutor.java:158)
at org.openqa.selenium.remote.service.DriverCommandExecutor.execute(DriverCommandExecutor.java:83)
at org.openqa.selenium.remote.RemoteWebDriver.execute(RemoteWebDriver.java:548)
at org.openqa.selenium.remote.RemoteWebElement.execute(RemoteWebElement.java:276)
at org.openqa.selenium.remote.RemoteWebElement.click(RemoteWebElement.java:83)
at org.openqa.selenium.support.pagefactory.internal.LocatingElementHandler.invoke(LocatingElementHandler.java:51)
at jdk.proxy2/jdk.proxy2.$Proxy12.click(Unknown Source)
at pages.TenantsPage.clickOnAddButtton(TenantsPage.java:55)
at xlByte.AddTenantTest.verifyTenantValidation(AddTenantTest.java:61)
at java.base/java.util.ArrayList.forEach(ArrayList.java:1511)
... Removed 40 stack frames]]>
    </failure>
  </testcase> <!-- verifyTenantValidation -->
  <testcase classname="xlByte.AddTenantTest" name="verifyTenant" time="0.147"/>
  <testcase classname="xlByte.AddTenantTest" name="deActivateTenant" time="1.015"/>
  <testcase classname="xlByte.AddTenantTest" name="activateTenant" time="0.315"/>
  <testcase classname="xlByte.MailSettingToTenantTest" name="addMailSetttings" time="23.381"/>
  <testcase classname="resource.Base" name="@BeforeSuite deleteFolder" time="0.0">
    <ignored/>
  </testcase> <!-- @BeforeSuite deleteFolder -->
  <testcase classname="resource.Base" name="@BeforeSuite deleteFolder" time="0.0">
    <ignored/>
  </testcase> <!-- @BeforeSuite deleteFolder -->
</testsuite> <!-- Test -->
